{"level":"\u001b[32minfo\u001b[39m","message":"{\"method\":\"GET\",\"url\":\"/api/health\",\"status\":\"200\",\"responseTime\":\"5.519\"}","timestamp":"2025-12-16T04:32:47.188Z"}
{"level":"\u001b[32minfo\u001b[39m","message":"{\"method\":\"POST\",\"url\":\"/api/register\",\"status\":\"500\",\"responseTime\":\"111.156\"}","timestamp":"2025-12-17T05:35:23.161Z"}
{"level":"\u001b[32minfo\u001b[39m","message":"{\"method\":\"POST\",\"url\":\"/api/register\",\"status\":\"500\",\"responseTime\":\"207.873\"}","timestamp":"2025-12-17T05:35:34.671Z"}
{"level":"\u001b[32minfo\u001b[39m","message":"{\"method\":\"POST\",\"url\":\"/api/register\",\"status\":\"500\",\"responseTime\":\"164.117\"}","timestamp":"2025-12-17T05:39:08.583Z"}
{"level":"\u001b[32minfo\u001b[39m","message":"{\"method\":\"POST\",\"url\":\"/api/register\",\"status\":\"500\",\"responseTime\":\"141.427\"}","timestamp":"2025-12-17T05:43:58.706Z"}
{"level":"\u001b[32minfo\u001b[39m","message":"{\"method\":\"POST\",\"url\":\"/api/register\",\"status\":\"500\",\"responseTime\":\"192.129\"}","timestamp":"2025-12-17T05:46:40.188Z"}
{"level":"\u001b[32minfo\u001b[39m","message":"{\"method\":\"POST\",\"url\":\"/api/register\",\"status\":\"200\",\"responseTime\":\"4321.128\"}","timestamp":"2025-12-17T05:48:42.078Z"}
{"level":"\u001b[32minfo\u001b[39m","message":"{\"method\":\"GET\",\"url\":\"/api/v1/users/verify-email/ee7603c84efa9e23e4beef87ea9258173994793854cd129f4c3801b5e1bee77d\",\"status\":\"404\",\"responseTime\":\"1.095\"}","timestamp":"2025-12-17T05:49:10.252Z"}
{"level":"\u001b[32minfo\u001b[39m","message":"{\"method\":\"POST\",\"url\":\"/api/owner/login\",\"status\":\"200\",\"responseTime\":\"377.533\"}","timestamp":"2025-12-17T05:54:41.964Z"}
{"level":"\u001b[32minfo\u001b[39m","message":"{\"method\":\"POST\",\"url\":\"/api/owner/login\",\"status\":\"200\",\"responseTime\":\"362.508\"}","timestamp":"2025-12-17T05:57:10.113Z"}
{"level":"\u001b[32minfo\u001b[39m","message":"{\"method\":\"POST\",\"url\":\"/api/owner/register\",\"status\":\"200\",\"responseTime\":\"5291.701\"}","timestamp":"2025-12-17T06:00:49.639Z"}
{"level":"\u001b[32minfo\u001b[39m","message":"{\"method\":\"POST\",\"url\":\"/api/owner/login\",\"status\":\"200\",\"responseTime\":\"399.122\"}","timestamp":"2025-12-17T06:01:01.196Z"}
{"level":"\u001b[32minfo\u001b[39m","message":"{\"method\":\"POST\",\"url\":\"/api/owner/register\",\"status\":\"400\",\"responseTime\":\"8.835\"}","timestamp":"2025-12-18T05:31:54.757Z"}
{"level":"\u001b[32minfo\u001b[39m","message":"{\"method\":\"POST\",\"url\":\"/api/owner/register\",\"status\":\"400\",\"responseTime\":\"8.392\"}","timestamp":"2025-12-18T05:33:43.702Z"}
{"level":"\u001b[32minfo\u001b[39m","message":"{\"method\":\"POST\",\"url\":\"/api/owner/register\",\"status\":\"400\",\"responseTime\":\"9.940\"}","timestamp":"2025-12-18T05:34:26.724Z"}
{"level":"\u001b[32minfo\u001b[39m","message":"{\"method\":\"POST\",\"url\":\"/api/owner/register\",\"status\":\"400\",\"responseTime\":\"4.152\"}","timestamp":"2025-12-18T05:34:55.558Z"}
{"level":"\u001b[32minfo\u001b[39m","message":"{\"method\":\"POST\",\"url\":\"/api/owner/register\",\"status\":\"400\",\"responseTime\":\"3.325\"}","timestamp":"2025-12-18T05:35:58.170Z"}
{"level":"\u001b[32minfo\u001b[39m","message":"{\"method\":\"POST\",\"url\":\"/api/owner/register\",\"status\":\"200\",\"responseTime\":\"5171.771\"}","timestamp":"2025-12-18T05:37:34.037Z"}
{"level":"\u001b[32minfo\u001b[39m","message":"{\"method\":\"POST\",\"url\":\"/api/owner/login\",\"status\":\"200\",\"responseTime\":\"400.025\"}","timestamp":"2025-12-18T05:38:27.030Z"}
{"level":"\u001b[32minfo\u001b[39m","message":"{\"method\":\"POST\",\"url\":\"/api/owner/register\",\"status\":\"400\",\"responseTime\":\"77.632\"}","timestamp":"2025-12-18T06:05:31.952Z"}
{"level":"\u001b[32minfo\u001b[39m","message":"{\"method\":\"GET\",\"url\":\"/api/health\",\"status\":\"200\",\"responseTime\":\"3.387\"}","timestamp":"2025-12-18T06:07:15.317Z"}
{"level":"\u001b[32minfo\u001b[39m","message":"{\"method\":\"POST\",\"url\":\"/api/owner/login\",\"status\":\"200\",\"responseTime\":\"493.652\"}","timestamp":"2025-12-18T06:10:34.614Z"}
{"level":"\u001b[32minfo\u001b[39m","message":"{\"method\":\"POST\",\"url\":\"/api/owner/login\",\"status\":\"400\",\"responseTime\":\"73.394\"}","timestamp":"2025-12-18T06:11:10.608Z"}
{"level":"\u001b[32minfo\u001b[39m","message":"{\"method\":\"POST\",\"url\":\"/api/owner/login\",\"status\":\"400\",\"responseTime\":\"189.135\"}","timestamp":"2025-12-18T06:11:16.948Z"}
{"level":"\u001b[32minfo\u001b[39m","message":"{\"method\":\"POST\",\"url\":\"/api/owner/login\",\"status\":\"400\",\"responseTime\":\"1.956\"}","timestamp":"2025-12-18T06:11:31.178Z"}
{"level":"\u001b[32minfo\u001b[39m","message":"{\"method\":\"POST\",\"url\":\"/api/owner/login\",\"status\":\"200\",\"responseTime\":\"426.029\"}","timestamp":"2025-12-18T06:11:42.290Z"}
{"level":"\u001b[32minfo\u001b[39m","message":"{\"method\":\"POST\",\"url\":\"/api/owner/login\",\"status\":\"200\",\"responseTime\":\"428.969\"}","timestamp":"2025-12-18T06:11:49.431Z"}
{"level":"\u001b[32minfo\u001b[39m","message":"{\"method\":\"POST\",\"url\":\"/api/owner/login\",\"status\":\"200\",\"responseTime\":\"534.673\"}","timestamp":"2025-12-18T07:36:05.581Z"}
{"level":"\u001b[32minfo\u001b[39m","message":"{\"method\":\"POST\",\"url\":\"/api/owner/logout\",\"status\":\"401\",\"responseTime\":\"66.173\"}","timestamp":"2025-12-18T07:36:50.417Z"}
{"level":"\u001b[32minfo\u001b[39m","message":"{\"method\":\"POST\",\"url\":\"/api/owner/login\",\"status\":\"200\",\"responseTime\":\"433.813\"}","timestamp":"2025-12-18T07:37:43.190Z"}
{"level":"\u001b[32minfo\u001b[39m","message":"{\"method\":\"POST\",\"url\":\"/api/owner/login\",\"status\":\"200\",\"responseTime\":\"440.908\"}","timestamp":"2025-12-18T07:37:46.713Z"}
{"level":"\u001b[32minfo\u001b[39m","message":"{\"method\":\"POST\",\"url\":\"/api/owner/logout\",\"status\":\"401\",\"responseTime\":\"67.437\"}","timestamp":"2025-12-18T07:38:00.833Z"}
{"level":"\u001b[32minfo\u001b[39m","message":"{\"method\":\"POST\",\"url\":\"/api/owner/logout\",\"status\":\"401\",\"responseTime\":\"77.242\"}","timestamp":"2025-12-18T07:38:15.386Z"}
{"level":"\u001b[32minfo\u001b[39m","message":"{\"method\":\"POST\",\"url\":\"/api/owner/login\",\"status\":\"200\",\"responseTime\":\"428.109\"}","timestamp":"2025-12-18T07:39:58.697Z"}
{"level":"\u001b[32minfo\u001b[39m","message":"{\"method\":\"POST\",\"url\":\"/api/owner/logout\",\"status\":\"401\",\"responseTime\":\"79.084\"}","timestamp":"2025-12-18T07:40:25.795Z"}
{"level":"\u001b[32minfo\u001b[39m","message":"{\"method\":\"POST\",\"url\":\"/api/owner/logout\",\"status\":\"401\",\"responseTime\":\"100.831\"}","timestamp":"2025-12-18T07:40:30.685Z"}
{"level":"\u001b[32minfo\u001b[39m","message":"{\"method\":\"POST\",\"url\":\"/api/owner/login\",\"status\":\"200\",\"responseTime\":\"458.033\"}","timestamp":"2025-12-18T07:45:29.327Z"}
{"level":"\u001b[32minfo\u001b[39m","message":"{\"method\":\"POST\",\"url\":\"/api/owner/logout\",\"status\":\"401\",\"responseTime\":\"68.681\"}","timestamp":"2025-12-18T07:45:41.853Z"}
{"level":"\u001b[32minfo\u001b[39m","message":"{\"method\":\"POST\",\"url\":\"/api/owner/login\",\"status\":\"200\",\"responseTime\":\"436.998\"}","timestamp":"2025-12-18T07:48:56.417Z"}
{"level":"\u001b[32minfo\u001b[39m","message":"{\"method\":\"POST\",\"url\":\"/api/owner/login\",\"status\":\"200\",\"responseTime\":\"400.401\"}","timestamp":"2025-12-18T07:49:00.667Z"}
{"level":"\u001b[32minfo\u001b[39m","message":"{\"method\":\"POST\",\"url\":\"/api/owner/logout\",\"status\":\"200\",\"responseTime\":\"153.974\"}","timestamp":"2025-12-18T07:49:16.800Z"}
{"level":"\u001b[32minfo\u001b[39m","message":"{\"method\":\"POST\",\"url\":\"/api/owner/logout\",\"status\":\"401\",\"responseTime\":\"1.404\"}","timestamp":"2025-12-18T07:49:39.680Z"}
{"level":"\u001b[32minfo\u001b[39m","message":"{\"method\":\"POST\",\"url\":\"/api/owner/logout\",\"status\":\"401\",\"responseTime\":\"0.499\"}","timestamp":"2025-12-18T07:49:41.026Z"}
{"level":"\u001b[32minfo\u001b[39m","message":"{\"method\":\"GET\",\"url\":\"/api/owner/user\",\"status\":\"401\",\"responseTime\":\"3.959\"}","timestamp":"2025-12-18T13:37:55.856Z"}
{"level":"\u001b[32minfo\u001b[39m","message":"{\"method\":\"POST\",\"url\":\"/api/owner/login\",\"status\":\"200\",\"responseTime\":\"486.963\"}","timestamp":"2025-12-18T13:38:02.214Z"}
{"level":"\u001b[32minfo\u001b[39m","message":"{\"method\":\"GET\",\"url\":\"/api/owner/user\",\"status\":\"200\",\"responseTime\":\"76.149\"}","timestamp":"2025-12-18T13:38:06.357Z"}
{"level":"\u001b[32minfo\u001b[39m","message":"{\"method\":\"GET\",\"url\":\"/api/owner/user\",\"status\":\"200\",\"responseTime\":\"59.901\"}","timestamp":"2025-12-18T13:38:10.372Z"}
{"level":"\u001b[32minfo\u001b[39m","message":"{\"method\":\"GET\",\"url\":\"/api/owner/user\",\"status\":\"200\",\"responseTime\":\"88.467\"}","timestamp":"2025-12-18T13:38:11.641Z"}
{"level":"\u001b[32minfo\u001b[39m","message":"{\"method\":\"POST\",\"url\":\"/api/owner/logout\",\"status\":\"200\",\"responseTime\":\"141.893\"}","timestamp":"2025-12-18T13:38:14.849Z"}
{"level":"\u001b[32minfo\u001b[39m","message":"{\"method\":\"GET\",\"url\":\"/api/owner/user\",\"status\":\"401\",\"responseTime\":\"0.613\"}","timestamp":"2025-12-18T13:38:17.968Z"}
{"level":"\u001b[32minfo\u001b[39m","message":"{\"method\":\"POST\",\"url\":\"/api/owner/register\",\"status\":\"200\",\"responseTime\":\"5022.418\"}","timestamp":"2025-12-20T04:24:57.925Z"}
{"level":"\u001b[32minfo\u001b[39m","message":"{\"method\":\"POST\",\"url\":\"/api/owner/login\",\"status\":\"200\",\"responseTime\":\"394.831\"}","timestamp":"2025-12-20T04:25:13.696Z"}
{"level":"\u001b[32minfo\u001b[39m","message":"{\"method\":\"GET\",\"url\":\"/api/owner/user\",\"status\":\"200\",\"responseTime\":\"68.225\"}","timestamp":"2025-12-20T04:25:27.143Z"}
{"level":"\u001b[32minfo\u001b[39m","message":"{\"method\":\"POST\",\"url\":\"/api/owner/logout\",\"status\":\"200\",\"responseTime\":\"143.324\"}","timestamp":"2025-12-20T04:25:41.026Z"}
{"level":"\u001b[32minfo\u001b[39m","message":"{\"method\":\"GET\",\"url\":\"/api/owner/user\",\"status\":\"401\",\"responseTime\":\"2.216\"}","timestamp":"2025-12-20T04:25:44.392Z"}
{"level":"\u001b[32minfo\u001b[39m","message":"{\"method\":\"POST\",\"url\":\"/api/owner/login\",\"status\":\"200\",\"responseTime\":\"373.927\"}","timestamp":"2025-12-20T04:25:51.502Z"}
{"level":"\u001b[32minfo\u001b[39m","message":"{\"method\":\"POST\",\"url\":\"/api/v1/user/login\",\"status\":\"200\",\"responseTime\":\"415.683\"}","timestamp":"2025-12-20T05:01:17.581Z"}
{"level":"\u001b[32minfo\u001b[39m","message":"{\"method\":\"GET\",\"url\":\"/api/v1/user/user\",\"status\":\"200\",\"responseTime\":\"67.395\"}","timestamp":"2025-12-20T05:01:22.047Z"}
{"level":"\u001b[32minfo\u001b[39m","message":"{\"method\":\"GET\",\"url\":\"/api/v1/users/verify-email/1325b2185e4131409522287036f1aecd46d112428d2b20b5ff72d44de252ffdf\",\"status\":\"404\",\"responseTime\":\"1.888\"}","timestamp":"2025-12-20T05:01:58.710Z"}
{"level":"\u001b[32minfo\u001b[39m","message":"{\"method\":\"GET\",\"url\":\"/api/v1/users/verify-email/1325b2185e4131409522287036f1aecd46d112428d2b20b5ff72d44de252ffdf\",\"status\":\"404\",\"responseTime\":\"2.687\"}","timestamp":"2025-12-20T05:04:46.737Z"}
{"level":"\u001b[32minfo\u001b[39m","message":"{\"method\":\"POST\",\"url\":\"/api/v1/user/register\",\"status\":\"200\",\"responseTime\":\"4989.754\"}","timestamp":"2025-12-20T05:06:35.148Z"}
{"level":"\u001b[32minfo\u001b[39m","message":"{\"method\":\"GET\",\"url\":\"/api/v1/users/verify-email/:0dcae0ce239b2fe0ea1de90ef2a42979957f87c9e79c5a74e6b1f570abd84520\",\"status\":\"404\",\"responseTime\":\"0.412\"}","timestamp":"2025-12-20T05:06:38.473Z"}
{"level":"\u001b[32minfo\u001b[39m","message":"{\"method\":\"GET\",\"url\":\"/api/v1/users/verify-email/:0dcae0ce239b2fe0ea1de90ef2a42979957f87c9e79c5a74e6b1f570abd84520\",\"status\":\"404\",\"responseTime\":\"0.440\"}","timestamp":"2025-12-20T05:06:49.192Z"}
{"level":"\u001b[32minfo\u001b[39m","message":"{\"method\":\"GET\",\"url\":\"/api/v1/users/verify-email/:0dcae0ce239b2fe0ea1de90ef2a42979957f87c9e79c5a74e6b1f570abd84520\",\"status\":\"404\",\"responseTime\":\"2.082\"}","timestamp":"2025-12-20T05:07:41.523Z"}
{"level":"\u001b[32minfo\u001b[39m","message":"{\"method\":\"POST\",\"url\":\"/api/v1/user/register\",\"status\":\"200\",\"responseTime\":\"4997.946\"}","timestamp":"2025-12-20T05:08:27.133Z"}
{"level":"\u001b[32minfo\u001b[39m","message":"{\"method\":\"GET\",\"url\":\"/api/v1/users/verify-email/0cde2b17fe86b2aa25bada5e67452947cd5e6868680b51902593005e85fb3069\",\"status\":\"404\",\"responseTime\":\"1.498\"}","timestamp":"2025-12-20T05:08:32.194Z"}
{"level":"\u001b[32minfo\u001b[39m","message":"{\"method\":\"GET\",\"url\":\"/api/v1/users/verify-email/0cde2b17fe86b2aa25bada5e67452947cd5e6868680b51902593005e85fb3069\",\"status\":\"404\",\"responseTime\":\"2.681\"}","timestamp":"2025-12-20T05:11:15.394Z"}
{"level":"\u001b[32minfo\u001b[39m","message":"{\"method\":\"POST\",\"url\":\"/api/v1/users/register\",\"status\":\"200\",\"responseTime\":\"5040.376\"}","timestamp":"2025-12-20T05:17:21.391Z"}
{"level":"\u001b[32minfo\u001b[39m","message":"{\"method\":\"GET\",\"url\":\"/api/v1/users/verify-email/c0abd3a76209260c92696229f263166ae7b9f6b8f67b4026de99c0927e991dfa\",\"status\":\"200\",\"responseTime\":\"133.985\"}","timestamp":"2025-12-20T05:17:39.321Z"}
{"level":"\u001b[32minfo\u001b[39m","message":"{\"method\":\"GET\",\"url\":\"/favicon.ico\",\"status\":\"404\",\"responseTime\":\"1.931\"}","timestamp":"2025-12-20T05:17:39.732Z"}
{"level":"\u001b[32minfo\u001b[39m","message":"{\"method\":\"GET\",\"url\":\"/api/v1/users/verify-email/c0abd3a76209260c92696229f263166ae7b9f6b8f67b4026de99c0927e991dfa\",\"status\":\"400\",\"responseTime\":\"80.626\"}","timestamp":"2025-12-20T05:17:46.702Z"}
{"level":"\u001b[32minfo\u001b[39m","message":"{\"method\":\"POST\",\"url\":\"/api/v1/users/register\",\"status\":\"200\",\"responseTime\":\"4768.807\"}","timestamp":"2025-12-20T05:18:13.510Z"}
{"level":"\u001b[32minfo\u001b[39m","message":"{\"method\":\"GET\",\"url\":\"/api/v1/users/verify-email/cdcee2363d9a6904c058842e77f8388adfc054bb8f8e44a527076188a911f6a2\",\"status\":\"200\",\"responseTime\":\"129.743\"}","timestamp":"2025-12-20T05:18:16.993Z"}
{"level":"\u001b[32minfo\u001b[39m","message":"{\"method\":\"GET\",\"url\":\"/api/v1/users/user\",\"status\":\"401\",\"responseTime\":\"4.705\"}","timestamp":"2025-12-20T05:19:07.532Z"}
{"level":"\u001b[32minfo\u001b[39m","message":"{\"method\":\"POST\",\"url\":\"/api/v1/users/login\",\"status\":\"200\",\"responseTime\":\"448.446\"}","timestamp":"2025-12-20T05:19:13.390Z"}
{"level":"\u001b[32minfo\u001b[39m","message":"{\"method\":\"GET\",\"url\":\"/api/v1/users/user\",\"status\":\"200\",\"responseTime\":\"57.585\"}","timestamp":"2025-12-20T05:19:16.550Z"}
{"level":"\u001b[32minfo\u001b[39m","message":"{\"method\":\"POST\",\"url\":\"/api/v1/users/refresh-token\",\"status\":\"200\",\"responseTime\":\"282.467\"}","timestamp":"2025-12-20T05:19:58.571Z"}
{"level":"\u001b[32minfo\u001b[39m","message":"{\"method\":\"POST\",\"url\":\"/api/v1/users/refresh-token\",\"status\":\"200\",\"responseTime\":\"280.966\"}","timestamp":"2025-12-20T05:20:00.730Z"}
{"level":"\u001b[32minfo\u001b[39m","message":"{\"method\":\"POST\",\"url\":\"/api/v1/users/refresh-token\",\"status\":\"200\",\"responseTime\":\"256.614\"}","timestamp":"2025-12-20T05:20:02.350Z"}
{"level":"\u001b[32minfo\u001b[39m","message":"{\"method\":\"POST\",\"url\":\"/api/v1/users/refresh-token\",\"status\":\"200\",\"responseTime\":\"254.772\"}","timestamp":"2025-12-20T05:20:03.870Z"}
{"level":"\u001b[32minfo\u001b[39m","message":"{\"method\":\"POST\",\"url\":\"/api/v1/users/refresh-token\",\"status\":\"200\",\"responseTime\":\"266.356\"}","timestamp":"2025-12-20T05:20:05.407Z"}
{"level":"\u001b[32minfo\u001b[39m","message":"{\"method\":\"POST\",\"url\":\"/api/v1/users/forgot-password\",\"status\":\"500\",\"responseTime\":\"1.992\"}","timestamp":"2025-12-20T05:21:14.266Z"}
{"level":"\u001b[32minfo\u001b[39m","message":"{\"method\":\"POST\",\"url\":\"/api/v1/users/forgot-password\",\"status\":\"200\",\"responseTime\":\"4902.225\"}","timestamp":"2025-12-20T05:22:22.555Z"}
{"level":"\u001b[32minfo\u001b[39m","message":"{\"method\":\"POST\",\"url\":\"/api/v1/users/forgot-password\",\"status\":\"200\",\"responseTime\":\"4858.976\"}","timestamp":"2025-12-20T05:23:47.513Z"}
{"level":"\u001b[32minfo\u001b[39m","message":"{\"method\":\"POST\",\"url\":\"/api/v1/users/forgot-password\",\"status\":\"200\",\"responseTime\":\"4686.317\"}","timestamp":"2025-12-20T05:25:34.117Z"}
{"level":"\u001b[32minfo\u001b[39m","message":"{\"method\":\"POST\",\"url\":\"/api/v1/users/forgot-password\",\"status\":\"200\",\"responseTime\":\"4924.985\"}","timestamp":"2025-12-20T05:31:23.099Z"}
{"level":"\u001b[32minfo\u001b[39m","message":"{\"method\":\"GET\",\"url\":\"/api/vl/users/reset-password//6a4653c69d6bc9df83c75b82d7d5b31ea63a7bd14e44032f131cf3919f9606e7\",\"status\":\"404\",\"responseTime\":\"1.735\"}","timestamp":"2025-12-20T05:31:41.945Z"}
{"level":"\u001b[32minfo\u001b[39m","message":"{\"method\":\"POST\",\"url\":\"/api/v1/users/forgot-password\",\"status\":\"200\",\"responseTime\":\"5154.567\"}","timestamp":"2025-12-20T05:32:17.826Z"}
{"level":"\u001b[32minfo\u001b[39m","message":"{\"method\":\"GET\",\"url\":\"/api/vl/users/reset-password/7d79af85b97040d8e492d1bd3a3fe9dacc6b910763aebbcef81acd3e51169d5a\",\"status\":\"404\",\"responseTime\":\"1.670\"}","timestamp":"2025-12-20T05:32:25.748Z"}
{"level":"\u001b[32minfo\u001b[39m","message":"{\"method\":\"POST\",\"url\":\"/api/v1/users/forgot-password\",\"status\":\"200\",\"responseTime\":\"5625.922\"}","timestamp":"2025-12-20T05:32:59.818Z"}
{"level":"\u001b[32minfo\u001b[39m","message":"{\"method\":\"GET\",\"url\":\"/api/v1/users/reset-password/168654d19dd95f1ec837437cb5545ffe2cce16b5a1f2035bf87f84d410a81260\",\"status\":\"404\",\"responseTime\":\"2.129\"}","timestamp":"2025-12-20T05:33:06.223Z"}
{"level":"\u001b[32minfo\u001b[39m","message":"{\"method\":\"POST\",\"url\":\"/api/v1/users/forgot-password\",\"status\":\"200\",\"responseTime\":\"5155.570\"}","timestamp":"2025-12-20T05:37:14.718Z"}
{"level":"\u001b[32minfo\u001b[39m","message":"{\"method\":\"GET\",\"url\":\"/api/v1/users/reset-password/a6ae2b1a2ea3e97b2a7f0a555418882207cf66b43eaeaf340e99ac07a28cce60\",\"status\":\"404\",\"responseTime\":\"1.923\"}","timestamp":"2025-12-20T05:37:21.233Z"}
{"level":"\u001b[32minfo\u001b[39m","message":"{\"method\":\"POST\",\"url\":\"/api/v1/users//reset-password/a6ae2b1a2ea3e97b2a7f0a555418882207cf66b43eaeaf340e99ac07a28cce60\",\"status\":\"404\",\"responseTime\":\"0.715\"}","timestamp":"2025-12-20T05:42:17.886Z"}
{"level":"\u001b[32minfo\u001b[39m","message":"{\"method\":\"POST\",\"url\":\"/api/v1/users/reset-password/a6ae2b1a2ea3e97b2a7f0a555418882207cf66b43eaeaf340e99ac07a28cce60\",\"status\":\"200\",\"responseTime\":\"273.088\"}","timestamp":"2025-12-20T05:42:25.600Z"}
{"level":"\u001b[32minfo\u001b[39m","message":"{\"method\":\"POST\",\"url\":\"/api/v1/users/reset-password/a6ae2b1a2ea3e97b2a7f0a555418882207cf66b43eaeaf340e99ac07a28cce60\",\"status\":\"404\",\"responseTime\":\"100.372\"}","timestamp":"2025-12-20T05:42:31.576Z"}
{"level":"\u001b[32minfo\u001b[39m","message":"{\"method\":\"POST\",\"url\":\"/api/v1/users/login\",\"status\":\"200\",\"responseTime\":\"396.032\"}","timestamp":"2025-12-20T05:43:54.041Z"}
{"level":"\u001b[32minfo\u001b[39m","message":"{\"method\":\"POST\",\"url\":\"/api/v1/users/login\",\"status\":\"200\",\"responseTime\":\"447.874\"}","timestamp":"2025-12-20T05:43:56.510Z"}
{"level":"\u001b[32minfo\u001b[39m","message":"{\"method\":\"GET\",\"url\":\"/api/v1/users/user\",\"status\":\"200\",\"responseTime\":\"72.698\"}","timestamp":"2025-12-20T05:44:01.633Z"}
{"level":"\u001b[32minfo\u001b[39m","message":"{\"method\":\"POST\",\"url\":\"/api/v1/users/resend-email-verification\",\"status\":\"200\",\"responseTime\":\"4277.736\"}","timestamp":"2025-12-20T05:44:49.946Z"}
{"level":"\u001b[32minfo\u001b[39m","message":"{\"method\":\"GET\",\"url\":\"/api/v1/users/verify-email/d05f99e5292ff754ea7a17965592959efdc571025d00ea60c8822b2f3a4416c7\",\"status\":\"200\",\"responseTime\":\"109.978\"}","timestamp":"2025-12-20T05:44:57.897Z"}
{"level":"\u001b[32minfo\u001b[39m","message":"{\"method\":\"GET\",\"url\":\"/api/v1/users/verify-email/d05f99e5292ff754ea7a17965592959efdc571025d00ea60c8822b2f3a4416c7\",\"status\":\"400\",\"responseTime\":\"69.341\"}","timestamp":"2025-12-20T05:46:09.346Z"}
{"level":"\u001b[32minfo\u001b[39m","message":"{\"method\":\"POST\",\"url\":\"/api/v1/users/login\",\"status\":\"200\",\"responseTime\":\"470.943\"}","timestamp":"2025-12-20T05:47:53.074Z"}
{"level":"\u001b[32minfo\u001b[39m","message":"{\"method\":\"GET\",\"url\":\"/api/v1/users/user\",\"status\":\"200\",\"responseTime\":\"70.354\"}","timestamp":"2025-12-20T05:47:58.214Z"}
{"level":"\u001b[32minfo\u001b[39m","message":"{\"method\":\"POST\",\"url\":\"/api/v1/users/refresh-token\",\"status\":\"200\",\"responseTime\":\"294.166\"}","timestamp":"2025-12-20T05:48:03.637Z"}
{"level":"\u001b[32minfo\u001b[39m","message":"{\"method\":\"POST\",\"url\":\"/api/v1/users/refresh-token\",\"status\":\"200\",\"responseTime\":\"285.880\"}","timestamp":"2025-12-20T05:48:05.386Z"}
{"level":"\u001b[32minfo\u001b[39m","message":"{\"method\":\"POST\",\"url\":\"/api/v1/users/change-password\",\"status\":\"200\",\"responseTime\":\"522.096\"}","timestamp":"2025-12-20T05:48:26.145Z"}
{"level":"\u001b[32minfo\u001b[39m","message":"{\"method\":\"POST\",\"url\":\"/api/v1/users/logout\",\"status\":\"200\",\"responseTime\":\"157.720\"}","timestamp":"2025-12-20T05:49:04.336Z"}
{"level":"\u001b[32minfo\u001b[39m","message":"{\"method\":\"POST\",\"url\":\"/api/v1/users/login\",\"status\":\"400\",\"responseTime\":\"209.633\"}","timestamp":"2025-12-20T05:49:15.052Z"}
{"level":"\u001b[32minfo\u001b[39m","message":"{\"method\":\"POST\",\"url\":\"/api/v1/users/login\",\"status\":\"200\",\"responseTime\":\"420.814\"}","timestamp":"2025-12-20T05:49:30.911Z"}
{"level":"\u001b[32minfo\u001b[39m","message":"{\"method\":\"GET\",\"url\":\"/api/v1/users/user\",\"status\":\"200\",\"responseTime\":\"65.732\"}","timestamp":"2025-12-20T05:49:37.072Z"}
{"level":"\u001b[32minfo\u001b[39m","message":"{\"method\":\"POST\",\"url\":\"/api/v1/users/login\",\"status\":\"200\",\"responseTime\":\"442.476\"}","timestamp":"2025-12-20T05:52:40.349Z"}
{"level":"\u001b[32minfo\u001b[39m","message":"{\"method\":\"GET\",\"url\":\"/api/v1/users/user\",\"status\":\"401\",\"responseTime\":\"2.371\"}","timestamp":"2025-12-20T05:52:46.979Z"}
{"level":"\u001b[32minfo\u001b[39m","message":"{\"method\":\"POST\",\"url\":\"/api/v1/users/register\",\"status\":\"201\",\"responseTime\":\"5147.088\"}","timestamp":"2025-12-20T05:58:31.431Z"}
{"level":"\u001b[32minfo\u001b[39m","message":"{\"method\":\"GET\",\"url\":\"/api/v1/users/verify-email/9abe092639d87b0412d04c05b23e148e3b5ec4c5b2a6e45f2e2877597c52dcc6\",\"status\":\"200\",\"responseTime\":\"118.309\"}","timestamp":"2025-12-20T05:58:41.065Z"}
{"level":"\u001b[32minfo\u001b[39m","message":"{\"method\":\"GET\",\"url\":\"/api/v1/users/verify-email/9abe092639d87b0412d04c05b23e148e3b5ec4c5b2a6e45f2e2877597c52dcc6\",\"status\":\"400\",\"responseTime\":\"73.653\"}","timestamp":"2025-12-20T05:58:58.266Z"}
{"level":"\u001b[32minfo\u001b[39m","message":"{\"method\":\"POST\",\"url\":\"/api/v1/users/login\",\"status\":\"400\",\"responseTime\":\"3.290\"}","timestamp":"2025-12-20T05:59:36.951Z"}
{"level":"\u001b[32minfo\u001b[39m","message":"{\"method\":\"POST\",\"url\":\"/api/v1/users/login\",\"status\":\"200\",\"responseTime\":\"426.808\"}","timestamp":"2025-12-20T05:59:46.207Z"}
{"level":"\u001b[32minfo\u001b[39m","message":"{\"method\":\"GET\",\"url\":\"/api/v1/users/user\",\"status\":\"200\",\"responseTime\":\"60.674\"}","timestamp":"2025-12-20T05:59:57.958Z"}
{"level":"\u001b[32minfo\u001b[39m","message":"{\"method\":\"POST\",\"url\":\"/api/v1/users/refresh-token\",\"status\":\"200\",\"responseTime\":\"203.622\"}","timestamp":"2025-12-20T06:00:03.734Z"}
{"level":"\u001b[32minfo\u001b[39m","message":"{\"method\":\"POST\",\"url\":\"/api/v1/users/refresh-token\",\"status\":\"200\",\"responseTime\":\"232.555\"}","timestamp":"2025-12-20T06:00:18.936Z"}
{"level":"\u001b[32minfo\u001b[39m","message":"{\"method\":\"POST\",\"url\":\"/api/v1/users/forgot-password\",\"status\":\"200\",\"responseTime\":\"4772.744\"}","timestamp":"2025-12-20T06:00:47.594Z"}
{"level":"\u001b[32minfo\u001b[39m","message":"{\"method\":\"GET\",\"url\":\"/api/v1/users/reset-password/cc438692bedc5c08a175dfb7bc7bcb6eeb96bbcf9e8defa0578c97d4d79f1433\",\"status\":\"404\",\"responseTime\":\"0.581\"}","timestamp":"2025-12-20T06:01:08.692Z"}
{"level":"\u001b[32minfo\u001b[39m","message":"{\"method\":\"POST\",\"url\":\"/api/v1/users/reset-password/cc438692bedc5c08a175dfb7bc7bcb6eeb96bbcf9e8defa0578c97d4d79f1433\",\"status\":\"200\",\"responseTime\":\"264.532\"}","timestamp":"2025-12-20T06:01:36.585Z"}
{"level":"\u001b[32minfo\u001b[39m","message":"{\"method\":\"POST\",\"url\":\"/api/v1/users/resend-email-verification\",\"status\":\"409\",\"responseTime\":\"110.950\"}","timestamp":"2025-12-20T06:02:06.437Z"}
{"level":"\u001b[32minfo\u001b[39m","message":"{\"method\":\"POST\",\"url\":\"/api/v1/users/change-password\",\"status\":\"200\",\"responseTime\":\"514.823\"}","timestamp":"2025-12-20T06:02:24.048Z"}
{"level":"\u001b[32minfo\u001b[39m","message":"{\"method\":\"POST\",\"url\":\"/api/v1/users/change-password\",\"status\":\"401\",\"responseTime\":\"339.732\"}","timestamp":"2025-12-20T06:02:36.364Z"}
{"level":"\u001b[32minfo\u001b[39m","message":"{\"method\":\"POST\",\"url\":\"/api/v1/users/change-password\",\"status\":\"200\",\"responseTime\":\"494.895\"}","timestamp":"2025-12-20T06:02:45.973Z"}
{"level":"\u001b[32minfo\u001b[39m","message":"{\"method\":\"POST\",\"url\":\"/api/v1/users/login\",\"status\":\"200\",\"responseTime\":\"442.470\"}","timestamp":"2025-12-20T06:04:26.877Z"}
{"level":"\u001b[32minfo\u001b[39m","message":"{\"method\":\"GET\",\"url\":\"/api/v1/users/user\",\"status\":\"200\",\"responseTime\":\"91.634\"}","timestamp":"2025-12-20T06:04:30.910Z"}
{"level":"\u001b[32minfo\u001b[39m","message":"{\"method\":\"POST\",\"url\":\"/api/v1/users/refresh-token\",\"status\":\"200\",\"responseTime\":\"219.742\"}","timestamp":"2025-12-20T06:04:35.320Z"}
{"level":"\u001b[32minfo\u001b[39m","message":"{\"method\":\"POST\",\"url\":\"/api/v1/users/forgot-password\",\"status\":\"200\",\"responseTime\":\"5172.422\"}","timestamp":"2025-12-20T06:04:47.375Z"}
{"level":"\u001b[32minfo\u001b[39m","message":"{\"method\":\"GET\",\"url\":\"/api/v1/users/reset-password/f15a9ac6cca902a62e61fc80f38ae5a387e0eb70fb2a061603ceb366fac3ec3a\",\"status\":\"404\",\"responseTime\":\"1.823\"}","timestamp":"2025-12-20T06:04:53.704Z"}
{"level":"\u001b[32minfo\u001b[39m","message":"{\"method\":\"POST\",\"url\":\"/api/v1/users/reset-password/f15a9ac6cca902a62e61fc80f38ae5a387e0eb70fb2a061603ceb366fac3ec3a\",\"status\":\"200\",\"responseTime\":\"286.025\"}","timestamp":"2025-12-20T06:05:25.630Z"}
{"level":"\u001b[32minfo\u001b[39m","message":"{\"method\":\"POST\",\"url\":\"/api/v1/users/register\",\"status\":\"400\",\"responseTime\":\"13.116\"}","timestamp":"2025-12-20T06:07:13.119Z"}
{"level":"\u001b[32minfo\u001b[39m","message":"{\"method\":\"POST\",\"url\":\"/api/v1/users/register\",\"status\":\"409\",\"responseTime\":\"66.942\"}","timestamp":"2025-12-20T06:07:28.626Z"}
{"level":"\u001b[32minfo\u001b[39m","message":"{\"method\":\"POST\",\"url\":\"/api/v1/users/register\",\"status\":\"409\",\"responseTime\":\"92.365\"}","timestamp":"2025-12-20T06:07:43.277Z"}
{"level":"\u001b[32minfo\u001b[39m","message":"{\"method\":\"POST\",\"url\":\"/api/v1/users/register\",\"status\":\"201\",\"responseTime\":\"4886.511\"}","timestamp":"2025-12-20T06:08:00.803Z"}
{"level":"\u001b[32minfo\u001b[39m","message":"{\"method\":\"GET\",\"url\":\"/api/v1/users/verify-email/121149f321b93bb696bccb2a4810475458af3bb952a0daa067f2ca03f2d1727f\",\"status\":\"200\",\"responseTime\":\"139.927\"}","timestamp":"2025-12-20T06:08:09.554Z"}
{"level":"\u001b[32minfo\u001b[39m","message":"{\"method\":\"GET\",\"url\":\"/api/v1/users/verify-email/121149f321b93bb696bccb2a4810475458af3bb952a0daa067f2ca03f2d1727f\",\"status\":\"400\",\"responseTime\":\"69.028\"}","timestamp":"2025-12-20T06:08:12.581Z"}
{"level":"\u001b[32minfo\u001b[39m","message":"{\"method\":\"POST\",\"url\":\"/api/v1/users/login\",\"status\":\"400\",\"responseTime\":\"2.054\"}","timestamp":"2025-12-20T06:08:42.255Z"}
{"level":"\u001b[32minfo\u001b[39m","message":"{\"method\":\"POST\",\"url\":\"/api/v1/users/login\",\"status\":\"401\",\"responseTime\":\"229.673\"}","timestamp":"2025-12-20T06:08:52.086Z"}
{"level":"\u001b[32minfo\u001b[39m","message":"{\"method\":\"POST\",\"url\":\"/api/v1/users/login\",\"status\":\"200\",\"responseTime\":\"452.445\"}","timestamp":"2025-12-20T06:09:06.180Z"}
{"level":"\u001b[32minfo\u001b[39m","message":"{\"method\":\"GET\",\"url\":\"/api/v1/users/user\",\"status\":\"200\",\"responseTime\":\"69.393\"}","timestamp":"2025-12-20T06:09:22.393Z"}
{"level":"\u001b[32minfo\u001b[39m","message":"{\"method\":\"POST\",\"url\":\"/api/v1/users/refresh-token\",\"status\":\"200\",\"responseTime\":\"188.401\"}","timestamp":"2025-12-20T06:09:30.605Z"}
{"level":"\u001b[32minfo\u001b[39m","message":"{\"method\":\"POST\",\"url\":\"/api/v1/users/forgot-password\",\"status\":\"200\",\"responseTime\":\"4541.378\"}","timestamp":"2025-12-20T06:09:49.210Z"}
{"level":"\u001b[32minfo\u001b[39m","message":"{\"method\":\"GET\",\"url\":\"/api/v1/users/reset-password/b6200eb82b157a29ba5a1f2fc319899a68e4300ab7ce2adee478c92d0403d291\",\"status\":\"404\",\"responseTime\":\"0.543\"}","timestamp":"2025-12-20T06:09:59.418Z"}
{"level":"\u001b[32minfo\u001b[39m","message":"{\"method\":\"POST\",\"url\":\"/api/v1/users/reset-password/b6200eb82b157a29ba5a1f2fc319899a68e4300ab7ce2adee478c92d0403d291\",\"status\":\"400\",\"responseTime\":\"2.201\"}","timestamp":"2025-12-20T06:10:23.915Z"}
{"level":"\u001b[32minfo\u001b[39m","message":"{\"method\":\"POST\",\"url\":\"/api/v1/users/reset-password/b6200eb82b157a29ba5a1f2fc319899a68e4300ab7ce2adee478c92d0403d291\",\"status\":\"400\",\"responseTime\":\"1.265\"}","timestamp":"2025-12-20T06:10:26.138Z"}
{"level":"\u001b[32minfo\u001b[39m","message":"{\"method\":\"POST\",\"url\":\"/api/v1/users/login\",\"status\":\"200\",\"responseTime\":\"442.169\"}","timestamp":"2025-12-20T06:11:51.367Z"}
{"level":"\u001b[32minfo\u001b[39m","message":"{\"method\":\"GET\",\"url\":\"/api/v1/users/user\",\"status\":\"200\",\"responseTime\":\"58.111\"}","timestamp":"2025-12-20T06:11:56.545Z"}
{"level":"\u001b[32minfo\u001b[39m","message":"{\"method\":\"POST\",\"url\":\"/api/v1/users/forgot-password\",\"status\":\"200\",\"responseTime\":\"4368.248\"}","timestamp":"2025-12-20T06:12:05.979Z"}
{"level":"\u001b[32minfo\u001b[39m","message":"{\"method\":\"GET\",\"url\":\"/api/v1/users/reset-password/476c4cd8ecc435205aa0ef8bdf02b4dbaae4dd6a9a10b0a1623a12f0519615e7\",\"status\":\"404\",\"responseTime\":\"1.929\"}","timestamp":"2025-12-20T06:12:11.121Z"}
{"level":"\u001b[32minfo\u001b[39m","message":"{\"method\":\"POST\",\"url\":\"/api/v1/users/reset-password/476c4cd8ecc435205aa0ef8bdf02b4dbaae4dd6a9a10b0a1623a12f0519615e7\",\"status\":\"200\",\"responseTime\":\"281.397\"}","timestamp":"2025-12-20T06:13:23.305Z"}
{"level":"\u001b[32minfo\u001b[39m","message":"{\"method\":\"POST\",\"url\":\"/api/v1/users/resend-email-verification\",\"status\":\"409\",\"responseTime\":\"168.878\"}","timestamp":"2025-12-20T06:13:31.120Z"}
{"level":"\u001b[32minfo\u001b[39m","message":"{\"method\":\"POST\",\"url\":\"/api/v1/users/change-password\",\"status\":\"200\",\"responseTime\":\"553.566\"}","timestamp":"2025-12-20T06:13:41.131Z"}
{"level":"\u001b[32minfo\u001b[39m","message":"{\"method\":\"POST\",\"url\":\"/api/v1/users/change-password\",\"status\":\"401\",\"responseTime\":\"266.430\"}","timestamp":"2025-12-20T06:13:46.153Z"}
{"level":"\u001b[32minfo\u001b[39m","message":"{\"method\":\"POST\",\"url\":\"/api/v1/users/login\",\"status\":\"401\",\"responseTime\":\"181.658\"}","timestamp":"2025-12-20T08:56:08.813Z"}
{"level":"\u001b[32minfo\u001b[39m","message":"{\"method\":\"POST\",\"url\":\"/api/v1/users/login\",\"status\":\"401\",\"responseTime\":\"195.199\"}","timestamp":"2025-12-20T08:56:28.335Z"}
{"level":"\u001b[32minfo\u001b[39m","message":"{\"method\":\"POST\",\"url\":\"/api/v1/users/login\",\"status\":\"401\",\"responseTime\":\"183.787\"}","timestamp":"2025-12-20T08:56:29.801Z"}
{"level":"\u001b[32minfo\u001b[39m","message":"{\"method\":\"POST\",\"url\":\"/api/v1/users/login\",\"status\":\"401\",\"responseTime\":\"194.791\"}","timestamp":"2025-12-20T08:56:49.126Z"}
{"level":"\u001b[32minfo\u001b[39m","message":"{\"method\":\"POST\",\"url\":\"/api/v1/users/login\",\"status\":\"401\",\"responseTime\":\"182.594\"}","timestamp":"2025-12-20T08:56:50.363Z"}
{"level":"\u001b[32minfo\u001b[39m","message":"{\"method\":\"POST\",\"url\":\"/api/v1/users/register\",\"status\":\"409\",\"responseTime\":\"79.774\"}","timestamp":"2025-12-20T08:56:56.238Z"}
{"level":"\u001b[32minfo\u001b[39m","message":"{\"method\":\"POST\",\"url\":\"/api/v1/users/login\",\"status\":\"400\",\"responseTime\":\"2.143\"}","timestamp":"2025-12-20T08:57:28.154Z"}
{"level":"\u001b[32minfo\u001b[39m","message":"{\"method\":\"POST\",\"url\":\"/api/v1/users/login\",\"status\":\"400\",\"responseTime\":\"1.414\"}","timestamp":"2025-12-20T08:57:32.310Z"}
{"level":"\u001b[32minfo\u001b[39m","message":"{\"method\":\"POST\",\"url\":\"/api/v1/users/login\",\"status\":\"400\",\"responseTime\":\"1.599\"}","timestamp":"2025-12-20T08:57:33.459Z"}
{"level":"\u001b[32minfo\u001b[39m","message":"{\"method\":\"GET\",\"url\":\"/api/health\",\"status\":\"404\",\"responseTime\":\"1.097\"}","timestamp":"2025-12-20T08:57:40.671Z"}
{"level":"\u001b[32minfo\u001b[39m","message":"{\"method\":\"GET\",\"url\":\"/api/v1/health\",\"status\":\"200\",\"responseTime\":\"2.622\"}","timestamp":"2025-12-20T08:57:48.392Z"}
{"level":"\u001b[32minfo\u001b[39m","message":"{\"method\":\"POST\",\"url\":\"/api/v1/users/register\",\"status\":\"409\",\"responseTime\":\"82.680\"}","timestamp":"2025-12-20T08:58:11.855Z"}
{"level":"\u001b[32minfo\u001b[39m","message":"{\"method\":\"POST\",\"url\":\"/api/v1/users/register\",\"status\":\"409\",\"responseTime\":\"66.659\"}","timestamp":"2025-12-20T08:58:13.231Z"}
{"level":"\u001b[32minfo\u001b[39m","message":"{\"method\":\"POST\",\"url\":\"/api/v1/users/login\",\"status\":\"200\",\"responseTime\":\"415.757\"}","timestamp":"2025-12-20T08:58:22.162Z"}
{"level":"\u001b[32minfo\u001b[39m","message":"{\"method\":\"GET\",\"url\":\"/api/v1/users/user\",\"status\":\"200\",\"responseTime\":\"75.493\"}","timestamp":"2025-12-20T08:58:29.846Z"}
{"level":"\u001b[32minfo\u001b[39m","message":"{\"method\":\"POST\",\"url\":\"/api/v1/restaurants/restaurant\",\"status\":\"201\",\"responseTime\":\"234.702\"}","timestamp":"2025-12-20T09:00:55.885Z"}
{"level":"\u001b[32minfo\u001b[39m","message":"{\"method\":\"POST\",\"url\":\"/api/v1/restaurants/restaurant\",\"status\":\"409\",\"responseTime\":\"147.174\"}","timestamp":"2025-12-20T09:01:06.986Z"}
{"level":"\u001b[32minfo\u001b[39m","message":"{\"method\":\"POST\",\"url\":\"/api/v1/users/login\",\"status\":\"200\",\"responseTime\":\"434.008\"}","timestamp":"2025-12-20T09:08:26.578Z"}
{"level":"\u001b[32minfo\u001b[39m","message":"{\"method\":\"GET\",\"url\":\"/api/v1/restaurants/694665c7e7204f8f84cfa00d\",\"status\":\"404\",\"responseTime\":\"1.995\"}","timestamp":"2025-12-20T09:09:44.208Z"}
{"level":"\u001b[32minfo\u001b[39m","message":"{\"method\":\"POST\",\"url\":\"/api/v1/users/login\",\"status\":\"200\",\"responseTime\":\"392.026\"}","timestamp":"2025-12-20T09:10:11.485Z"}
{"level":"\u001b[32minfo\u001b[39m","message":"{\"method\":\"GET\",\"url\":\"/api/v1/restaurants/694665c7e7204f8f84cfa00d\",\"status\":\"400\",\"responseTime\":\"73.582\"}","timestamp":"2025-12-20T09:10:15.391Z"}
{"level":"\u001b[32minfo\u001b[39m","message":"{\"method\":\"POST\",\"url\":\"/api/v1/users/login\",\"status\":\"200\",\"responseTime\":\"417.463\"}","timestamp":"2025-12-20T09:11:11.031Z"}
{"level":"\u001b[32minfo\u001b[39m","message":"{\"method\":\"GET\",\"url\":\"/api/v1/restaurants/694665c7e7204f8f84cfa00d\",\"status\":\"500\",\"responseTime\":\"79.905\"}","timestamp":"2025-12-20T09:11:17.440Z"}
{"level":"\u001b[32minfo\u001b[39m","message":"{\"method\":\"POST\",\"url\":\"/api/v1/users/login\",\"status\":\"200\",\"responseTime\":\"428.799\"}","timestamp":"2025-12-20T09:11:52.034Z"}
{"level":"\u001b[32minfo\u001b[39m","message":"{\"method\":\"GET\",\"url\":\"/api/v1/restaurants/694665c7e7204f8f84cfa00d\",\"status\":\"500\",\"responseTime\":\"77.625\"}","timestamp":"2025-12-20T09:11:56.266Z"}
{"level":"\u001b[32minfo\u001b[39m","message":"{\"method\":\"POST\",\"url\":\"/api/v1/users/login\",\"status\":\"200\",\"responseTime\":\"406.301\"}","timestamp":"2025-12-20T09:13:43.597Z"}
{"level":"\u001b[32minfo\u001b[39m","message":"{\"method\":\"GET\",\"url\":\"/api/v1/restaurants/694665c7e7204f8f84cfa00d\",\"status\":\"200\",\"responseTime\":\"129.582\"}","timestamp":"2025-12-20T09:13:49.238Z"}
{"level":"\u001b[32minfo\u001b[39m","message":"{\"method\":\"POST\",\"url\":\"/api/v1/users/logout\",\"status\":\"200\",\"responseTime\":\"164.442\"}","timestamp":"2025-12-20T09:14:02.722Z"}
{"level":"\u001b[32minfo\u001b[39m","message":"{\"method\":\"GET\",\"url\":\"/api/v1/restaurants/694665c7e7204f8f84cfa00d\",\"status\":\"401\",\"responseTime\":\"2.167\"}","timestamp":"2025-12-20T09:14:07.342Z"}
{"level":"\u001b[32minfo\u001b[39m","message":"{\"method\":\"POST\",\"url\":\"/api/v1/users/login\",\"status\":\"200\",\"responseTime\":\"441.377\"}","timestamp":"2025-12-20T09:20:47.807Z"}
{"level":"\u001b[32minfo\u001b[39m","message":"{\"method\":\"GET\",\"url\":\"/api/v1/restaurants/\",\"status\":\"200\",\"responseTime\":\"157.035\"}","timestamp":"2025-12-20T09:20:52.322Z"}
{"level":"\u001b[32minfo\u001b[39m","message":"{\"method\":\"POST\",\"url\":\"/api/v1/restaurants/restaurant\",\"status\":\"201\",\"responseTime\":\"249.291\"}","timestamp":"2025-12-20T09:21:20.683Z"}
{"level":"\u001b[32minfo\u001b[39m","message":"{\"method\":\"GET\",\"url\":\"/api/v1/restaurants/\",\"status\":\"200\",\"responseTime\":\"132.108\"}","timestamp":"2025-12-20T09:21:25.204Z"}
{"level":"\u001b[32minfo\u001b[39m","message":"{\"method\":\"POST\",\"url\":\"/api/v1/users/login\",\"status\":\"200\",\"responseTime\":\"432.258\"}","timestamp":"2025-12-20T09:28:07.658Z"}
{"level":"\u001b[32minfo\u001b[39m","message":"{\"method\":\"GET\",\"url\":\"/api/v1/restaurants/\",\"status\":\"200\",\"responseTime\":\"156.346\"}","timestamp":"2025-12-20T09:28:11.108Z"}
{"level":"\u001b[32minfo\u001b[39m","message":"{\"method\":\"GET\",\"url\":\"/api/v1/restaurants/694665c7e7204f8f84cfa00d\",\"status\":\"404\",\"responseTime\":\"1.309\"}","timestamp":"2025-12-20T09:28:15.867Z"}
{"level":"\u001b[32minfo\u001b[39m","message":"{\"method\":\"GET\",\"url\":\"/api/v1/restaurants/69466a900b39c0b9a7c48e2d\",\"status\":\"404\",\"responseTime\":\"0.565\"}","timestamp":"2025-12-20T09:28:45.397Z"}
{"level":"\u001b[32minfo\u001b[39m","message":"{\"method\":\"POST\",\"url\":\"/api/v1/users/login\",\"status\":\"200\",\"responseTime\":\"435.633\"}","timestamp":"2025-12-20T09:29:04.983Z"}
{"level":"\u001b[32minfo\u001b[39m","message":"{\"method\":\"GET\",\"url\":\"/api/v1/restaurants/\",\"status\":\"200\",\"responseTime\":\"150.761\"}","timestamp":"2025-12-20T09:29:09.464Z"}
{"level":"\u001b[32minfo\u001b[39m","message":"{\"method\":\"GET\",\"url\":\"/api/v1/restaurants/69466a900b39c0b9a7c48e2d\",\"status\":\"200\",\"responseTime\":\"179.259\"}","timestamp":"2025-12-20T09:29:14.286Z"}
{"level":"\u001b[32minfo\u001b[39m","message":"{\"method\":\"GET\",\"url\":\"/api/v1/restaurants/694665c7e7204f8f84cfa00d\",\"status\":\"200\",\"responseTime\":\"174.388\"}","timestamp":"2025-12-20T09:29:42.797Z"}
{"level":"\u001b[32minfo\u001b[39m","message":"{\"method\":\"POST\",\"url\":\"/api/v1/users/login\",\"status\":\"200\",\"responseTime\":\"488.778\"}","timestamp":"2025-12-20T09:46:06.368Z"}
{"level":"\u001b[32minfo\u001b[39m","message":"{\"method\":\"GET\",\"url\":\"/api/v1/restaurants/\",\"status\":\"200\",\"responseTime\":\"146.201\"}","timestamp":"2025-12-20T09:46:41.198Z"}
{"level":"\u001b[32minfo\u001b[39m","message":"{\"method\":\"GET\",\"url\":\"/api/v1/restaurants/694665c7e7204f8f84cfa00d\",\"status\":\"200\",\"responseTime\":\"145.792\"}","timestamp":"2025-12-20T09:46:51.675Z"}
{"level":"\u001b[32minfo\u001b[39m","message":"{\"method\":\"PATCH\",\"url\":\"/api/v1/restaurants/694665c7e7204f8f84cfa00d\",\"status\":\"200\",\"responseTime\":\"174.668\"}","timestamp":"2025-12-20T09:47:07.709Z"}
{"level":"\u001b[32minfo\u001b[39m","message":"{\"method\":\"PATCH\",\"url\":\"/api/v1/restaurants/694665c7e7204f8f84cfa00d\",\"status\":\"200\",\"responseTime\":\"48363.824\"}","timestamp":"2025-12-20T09:48:10.168Z"}
{"level":"\u001b[32minfo\u001b[39m","message":"{\"method\":\"GET\",\"url\":\"/api/v1/restaurants/694665c7e7204f8f84cfa00d\",\"status\":\"200\",\"responseTime\":\"581.310\"}","timestamp":"2025-12-20T09:48:25.226Z"}
{"level":"\u001b[32minfo\u001b[39m","message":"{\"method\":\"PATCH\",\"url\":\"/api/v1/restaurants/694665c7e7204f8f84cfa00d\",\"status\":\"200\",\"responseTime\":\"133.876\"}","timestamp":"2025-12-20T09:48:32.357Z"}
{"level":"\u001b[32minfo\u001b[39m","message":"{\"method\":\"POST\",\"url\":\"/api/v1/users/login\",\"status\":\"200\",\"responseTime\":\"461.115\"}","timestamp":"2025-12-20T09:49:16.819Z"}
{"level":"\u001b[32minfo\u001b[39m","message":"{\"method\":\"GET\",\"url\":\"/api/v1/restaurants/\",\"status\":\"200\",\"responseTime\":\"133.838\"}","timestamp":"2025-12-20T09:49:24.426Z"}
{"level":"\u001b[32minfo\u001b[39m","message":"{\"method\":\"GET\",\"url\":\"/api/v1/restaurants/694665c7e7204f8f84cfa00d\",\"status\":\"200\",\"responseTime\":\"153.820\"}","timestamp":"2025-12-20T09:49:30.687Z"}
{"level":"\u001b[32minfo\u001b[39m","message":"{\"method\":\"PATCH\",\"url\":\"/api/v1/restaurants/694665c7e7204f8f84cfa00d\",\"status\":\"200\",\"responseTime\":\"120.873\"}","timestamp":"2025-12-20T09:49:54.037Z"}
{"level":"\u001b[32minfo\u001b[39m","message":"{\"method\":\"PATCH\",\"url\":\"/api/v1/restaurants/694665c7e7204f8f84cfa00d\",\"status\":\"200\",\"responseTime\":\"114.154\"}","timestamp":"2025-12-20T09:49:55.626Z"}
{"level":"\u001b[32minfo\u001b[39m","message":"{\"method\":\"POST\",\"url\":\"/api/v1/users/login\",\"status\":\"200\",\"responseTime\":\"451.491\"}","timestamp":"2025-12-20T09:51:10.756Z"}
{"level":"\u001b[32minfo\u001b[39m","message":"{\"method\":\"GET\",\"url\":\"/api/v1/restaurants/\",\"status\":\"200\",\"responseTime\":\"152.702\"}","timestamp":"2025-12-20T09:51:15.491Z"}
{"level":"\u001b[32minfo\u001b[39m","message":"{\"method\":\"GET\",\"url\":\"/api/v1/restaurants/694665c7e7204f8f84cfa00d\",\"status\":\"200\",\"responseTime\":\"138.171\"}","timestamp":"2025-12-20T09:51:18.854Z"}
{"level":"\u001b[32minfo\u001b[39m","message":"{\"method\":\"PATCH\",\"url\":\"/api/v1/restaurants/694665c7e7204f8f84cfa00d\",\"status\":\"200\",\"responseTime\":\"152.682\"}","timestamp":"2025-12-20T09:51:21.969Z"}
{"level":"\u001b[32minfo\u001b[39m","message":"{\"method\":\"PATCH\",\"url\":\"/api/v1/restaurants/694665c7e7204f8f84cfa00d\",\"status\":\"200\",\"responseTime\":\"138.044\"}","timestamp":"2025-12-20T09:51:23.658Z"}
{"level":"\u001b[32minfo\u001b[39m","message":"{\"method\":\"GET\",\"url\":\"/api/v1/restaurants/694665c7e7204f8f84cfa00d\",\"status\":\"200\",\"responseTime\":\"738.575\"}","timestamp":"2025-12-20T09:51:39.079Z"}
{"level":"\u001b[32minfo\u001b[39m","message":"{\"method\":\"POST\",\"url\":\"/api/v1/users/login\",\"status\":\"500\",\"responseTime\":\"10017.791\"}","timestamp":"2025-12-20T09:53:29.311Z"}
{"level":"\u001b[32minfo\u001b[39m","message":"{\"method\":\"POST\",\"url\":\"/api/v1/users/login\",\"status\":\"500\",\"responseTime\":\"10015.538\"}","timestamp":"2025-12-20T09:53:44.368Z"}
{"level":"\u001b[32minfo\u001b[39m","message":"{\"method\":\"POST\",\"url\":\"/api/v1/users/login\",\"status\":\"200\",\"responseTime\":\"430.981\"}","timestamp":"2025-12-20T09:54:12.823Z"}
{"level":"\u001b[32minfo\u001b[39m","message":"{\"method\":\"GET\",\"url\":\"/api/v1/restaurants/\",\"status\":\"200\",\"responseTime\":\"122.811\"}","timestamp":"2025-12-20T09:54:19.838Z"}
{"level":"\u001b[32minfo\u001b[39m","message":"{\"method\":\"GET\",\"url\":\"/api/v1/restaurants/694665c7e7204f8f84cfa00d\",\"status\":\"200\",\"responseTime\":\"134.051\"}","timestamp":"2025-12-20T09:54:23.454Z"}
{"level":"\u001b[32minfo\u001b[39m","message":"{\"method\":\"PATCH\",\"url\":\"/api/v1/restaurants/694665c7e7204f8f84cfa00d\",\"status\":\"200\",\"responseTime\":\"116.847\"}","timestamp":"2025-12-20T09:54:28.070Z"}
{"level":"\u001b[32minfo\u001b[39m","message":"{\"method\":\"PATCH\",\"url\":\"/api/v1/restaurants/694665c7e7204f8f84cfa00d\",\"status\":\"200\",\"responseTime\":\"109.593\"}","timestamp":"2025-12-20T09:54:29.833Z"}
{"level":"\u001b[32minfo\u001b[39m","message":"{\"method\":\"POST\",\"url\":\"/api/v1/users/login\",\"status\":\"200\",\"responseTime\":\"434.814\"}","timestamp":"2025-12-20T09:55:57.191Z"}
{"level":"\u001b[32minfo\u001b[39m","message":"{\"method\":\"GET\",\"url\":\"/api/v1/restaurants/\",\"status\":\"200\",\"responseTime\":\"142.060\"}","timestamp":"2025-12-20T09:56:02.811Z"}
{"level":"\u001b[32minfo\u001b[39m","message":"{\"method\":\"GET\",\"url\":\"/api/v1/restaurants/694665c7e7204f8f84cfa00d\",\"status\":\"200\",\"responseTime\":\"131.079\"}","timestamp":"2025-12-20T09:56:07.869Z"}
{"level":"\u001b[32minfo\u001b[39m","message":"{\"method\":\"PATCH\",\"url\":\"/api/v1/restaurants/694665c7e7204f8f84cfa00d\",\"status\":\"200\",\"responseTime\":\"197.371\"}","timestamp":"2025-12-20T09:56:11.594Z"}
{"level":"\u001b[32minfo\u001b[39m","message":"{\"method\":\"GET\",\"url\":\"/api/v1/restaurants/694665c7e7204f8f84cfa00d\",\"status\":\"200\",\"responseTime\":\"124.756\"}","timestamp":"2025-12-20T09:56:16.611Z"}
{"level":"\u001b[32minfo\u001b[39m","message":"{\"method\":\"POST\",\"url\":\"/api/v1/users/login\",\"status\":\"200\",\"responseTime\":\"432.724\"}","timestamp":"2025-12-20T10:23:26.153Z"}
{"level":"\u001b[32minfo\u001b[39m","message":"{\"method\":\"GET\",\"url\":\"/api/v1/restaurants/\",\"status\":\"200\",\"responseTime\":\"167.068\"}","timestamp":"2025-12-20T10:23:36.007Z"}
{"level":"\u001b[32minfo\u001b[39m","message":"{\"method\":\"GET\",\"url\":\"/api/v1/restaurants/694665c7e7204f8f84cfa00d\",\"status\":\"200\",\"responseTime\":\"141.148\"}","timestamp":"2025-12-20T10:23:40.127Z"}
{"level":"\u001b[32minfo\u001b[39m","message":"{\"method\":\"PATCH\",\"url\":\"/api/v1/restaurants/694665c7e7204f8f84cfa00d\",\"status\":\"200\",\"responseTime\":\"186.984\"}","timestamp":"2025-12-20T10:24:05.780Z"}
{"level":"\u001b[32minfo\u001b[39m","message":"{\"method\":\"PATCH\",\"url\":\"/api/v1/restaurants/delete/694665c7e7204f8f84cfa00d\",\"status\":\"200\",\"responseTime\":\"189.812\"}","timestamp":"2025-12-20T10:24:13.826Z"}
{"level":"\u001b[32minfo\u001b[39m","message":"{\"method\":\"PATCH\",\"url\":\"/api/v1/restaurants/activate/694665c7e7204f8f84cfa00d\",\"status\":\"404\",\"responseTime\":\"1.136\"}","timestamp":"2025-12-20T10:24:23.548Z"}
{"level":"\u001b[32minfo\u001b[39m","message":"{\"method\":\"POST\",\"url\":\"/api/v1/users/login\",\"status\":\"200\",\"responseTime\":\"422.447\"}","timestamp":"2025-12-20T10:26:29.904Z"}
{"level":"\u001b[32minfo\u001b[39m","message":"{\"method\":\"GET\",\"url\":\"/api/v1/restaurants/\",\"status\":\"200\",\"responseTime\":\"125.866\"}","timestamp":"2025-12-20T10:26:37.143Z"}
{"level":"\u001b[32minfo\u001b[39m","message":"{\"method\":\"GET\",\"url\":\"/api/v1/restaurants/694665c7e7204f8f84cfa00d\",\"status\":\"200\",\"responseTime\":\"122.042\"}","timestamp":"2025-12-20T10:26:43.001Z"}
{"level":"\u001b[32minfo\u001b[39m","message":"{\"method\":\"PATCH\",\"url\":\"/api/v1/restaurants/activate/694665c7e7204f8f84cfa00d\",\"status\":\"200\",\"responseTime\":\"195.928\"}","timestamp":"2025-12-20T10:26:52.548Z"}
{"level":"\u001b[32minfo\u001b[39m","message":"{\"method\":\"POST\",\"url\":\"/api/v1/users/login\",\"status\":\"200\",\"responseTime\":\"422.852\"}","timestamp":"2025-12-21T05:10:40.257Z"}
{"level":"\u001b[32minfo\u001b[39m","message":"{\"method\":\"GET\",\"url\":\"/api/v1/restaurants/\",\"status\":\"200\",\"responseTime\":\"128.468\"}","timestamp":"2025-12-21T05:10:47.371Z"}
{"level":"\u001b[32minfo\u001b[39m","message":"{\"method\":\"GET\",\"url\":\"/api/v1/restaurants/694665c7e7204f8f84cfa00d\",\"status\":\"200\",\"responseTime\":\"151.342\"}","timestamp":"2025-12-21T05:11:21.134Z"}
{"level":"\u001b[32minfo\u001b[39m","message":"{\"method\":\"GET\",\"url\":\"/api/v1/restaurants/69466a900b39c0b9a7c48e2d\",\"status\":\"404\",\"responseTime\":\"158.535\"}","timestamp":"2025-12-21T05:11:27.277Z"}
{"level":"\u001b[32minfo\u001b[39m","message":"{\"method\":\"PATCH\",\"url\":\"/api/v1/restaurants/activate/69466a900b39c0b9a7c48e2d\",\"status\":\"200\",\"responseTime\":\"203.218\"}","timestamp":"2025-12-21T05:11:38.559Z"}
{"level":"\u001b[32minfo\u001b[39m","message":"{\"method\":\"GET\",\"url\":\"/api/v1/restaurants/\",\"status\":\"200\",\"responseTime\":\"146.342\"}","timestamp":"2025-12-21T05:11:43.801Z"}
{"level":"\u001b[32minfo\u001b[39m","message":"{\"method\":\"PATCH\",\"url\":\"/api/v1/restaurants/delete/694665c7e7204f8f84cfa00d\",\"status\":\"200\",\"responseTime\":\"233.201\"}","timestamp":"2025-12-21T05:12:03.311Z"}
{"level":"\u001b[32minfo\u001b[39m","message":"{\"method\":\"GET\",\"url\":\"/api/v1/restaurants/\",\"status\":\"200\",\"responseTime\":\"141.940\"}","timestamp":"2025-12-21T05:12:09.289Z"}
{"level":"\u001b[32minfo\u001b[39m","message":"{\"method\":\"POST\",\"url\":\"/api/v1/menu/69466a900b39c0b9a7c48e2d\",\"status\":\"404\",\"responseTime\":\"1.543\"}","timestamp":"2025-12-21T07:08:32.512Z"}
{"level":"\u001b[32minfo\u001b[39m","message":"{\"method\":\"POST\",\"url\":\"/api/v1/menus/69466a900b39c0b9a7c48e2d\",\"status\":\"401\",\"responseTime\":\"3.849\"}","timestamp":"2025-12-21T07:09:04.181Z"}
{"level":"\u001b[32minfo\u001b[39m","message":"{\"method\":\"POST\",\"url\":\"/api/v1/users/login\",\"status\":\"200\",\"responseTime\":\"412.276\"}","timestamp":"2025-12-21T07:09:13.741Z"}
{"level":"\u001b[32minfo\u001b[39m","message":"{\"method\":\"POST\",\"url\":\"/api/v1/menus/69466a900b39c0b9a7c48e2d\",\"status\":\"201\",\"responseTime\":\"203.746\"}","timestamp":"2025-12-21T07:09:20.587Z"}
{"level":"\u001b[32minfo\u001b[39m","message":"{\"method\":\"POST\",\"url\":\"/api/v1/menus/69466a900b39c0b9a7c48e2d\",\"status\":\"201\",\"responseTime\":\"216.101\"}","timestamp":"2025-12-21T07:09:41.428Z"}
{"level":"\u001b[32minfo\u001b[39m","message":"{\"method\":\"GET\",\"url\":\"/api/v1/menus/restaurants/69466a900b39c0b9a7c48e2d\",\"status\":\"200\",\"responseTime\":\"181.186\"}","timestamp":"2025-12-21T07:10:55.283Z"}
{"level":"\u001b[32minfo\u001b[39m","message":"{\"method\":\"PATCH\",\"url\":\"/api/v1/menus/69479d2023aeb11d164631d0/activate\",\"status\":\"200\",\"responseTime\":\"258.015\"}","timestamp":"2025-12-21T07:12:17.880Z"}
{"level":"\u001b[32minfo\u001b[39m","message":"{\"method\":\"PATCH\",\"url\":\"/api/v1/menus/69479d2023aeb11d164631d0/deactivate\",\"status\":\"200\",\"responseTime\":\"265.291\"}","timestamp":"2025-12-21T07:13:36.192Z"}
{"level":"\u001b[32minfo\u001b[39m","message":"{\"method\":\"PATCH\",\"url\":\"/api/v1/menus/69479d2023aeb11d164631d0/publish\",\"status\":\"404\",\"responseTime\":\"121.398\"}","timestamp":"2025-12-21T07:13:39.702Z"}
{"level":"\u001b[32minfo\u001b[39m","message":"{\"method\":\"PATCH\",\"url\":\"/api/v1/menus/69479d2023aeb11d164631d0/unpublish\",\"status\":\"404\",\"responseTime\":\"136.531\"}","timestamp":"2025-12-21T07:13:46.622Z"}
{"level":"\u001b[32minfo\u001b[39m","message":"{\"method\":\"PATCH\",\"url\":\"/api/v1/menus/69479d2023aeb11d164631d0/unpublish\",\"status\":\"404\",\"responseTime\":\"122.454\"}","timestamp":"2025-12-21T07:13:48.241Z"}
{"level":"\u001b[32minfo\u001b[39m","message":"{\"method\":\"PATCH\",\"url\":\"/api/v1/menus/69479d2023aeb11d164631d0/activate\",\"status\":\"200\",\"responseTime\":\"247.780\"}","timestamp":"2025-12-21T07:13:51.800Z"}
{"level":"\u001b[32minfo\u001b[39m","message":"{\"method\":\"PATCH\",\"url\":\"/api/v1/menus/69479d2023aeb11d164631d0/publish\",\"status\":\"200\",\"responseTime\":\"274.286\"}","timestamp":"2025-12-21T07:13:55.512Z"}
{"level":"\u001b[32minfo\u001b[39m","message":"{\"method\":\"PATCH\",\"url\":\"/api/v1/menus/69479d2023aeb11d164631d0/unpublish\",\"status\":\"200\",\"responseTime\":\"249.166\"}","timestamp":"2025-12-21T07:13:59.712Z"}
{"level":"\u001b[32minfo\u001b[39m","message":"{\"method\":\"POST\",\"url\":\"/api/v1/users/login\",\"status\":\"-\",\"responseTime\":\"-\"}","timestamp":"2025-12-21T12:08:20.393Z"}
{"level":"\u001b[32minfo\u001b[39m","message":"{\"method\":\"POST\",\"url\":\"/api/v1/users/login\",\"status\":\"200\",\"responseTime\":\"378.869\"}","timestamp":"2025-12-21T12:08:22.858Z"}
{"level":"\u001b[32minfo\u001b[39m","message":"{\"method\":\"POST\",\"url\":\"/api/v1/menu-items/menu/69479d2023aeb11d164631d0\",\"status\":\"400\",\"responseTime\":\"79.795\"}","timestamp":"2025-12-21T12:08:27.997Z"}
{"level":"\u001b[32minfo\u001b[39m","message":"{\"method\":\"POST\",\"url\":\"/api/v1/users/login\",\"status\":\"200\",\"responseTime\":\"417.349\"}","timestamp":"2025-12-21T12:11:52.763Z"}
{"level":"\u001b[32minfo\u001b[39m","message":"{\"method\":\"POST\",\"url\":\"/api/v1/menu-items/menu/69479d2023aeb11d164631d0\",\"status\":\"201\",\"responseTime\":\"276.749\"}","timestamp":"2025-12-21T12:11:59.631Z"}
{"level":"\u001b[32minfo\u001b[39m","message":"{\"method\":\"GET\",\"url\":\"/api/v1/menu-items/menu/69479d2023aeb11d164631d0\",\"status\":\"200\",\"responseTime\":\"295.612\"}","timestamp":"2025-12-21T12:13:05.053Z"}
{"level":"\u001b[32minfo\u001b[39m","message":"{\"method\":\"POST\",\"url\":\"/api/v1/menu-items/menu/69479d2023aeb11d164631d0\",\"status\":\"201\",\"responseTime\":\"285.711\"}","timestamp":"2025-12-21T12:13:48.653Z"}
{"level":"\u001b[32minfo\u001b[39m","message":"{\"method\":\"POST\",\"url\":\"/api/v1/menu-items/menu/69479d2023aeb11d164631d0\",\"status\":\"201\",\"responseTime\":\"244.516\"}","timestamp":"2025-12-21T12:14:10.619Z"}
{"level":"\u001b[32minfo\u001b[39m","message":"{\"method\":\"GET\",\"url\":\"/api/v1/menu-items/menu/69479d2023aeb11d164631d0\",\"status\":\"200\",\"responseTime\":\"261.883\"}","timestamp":"2025-12-21T12:14:13.768Z"}
{"level":"\u001b[32minfo\u001b[39m","message":"{\"method\":\"PATCH\",\"url\":\"/api/v1/menu-items/6947e40f3cc00afab5623671\",\"status\":\"200\",\"responseTime\":\"327.735\"}","timestamp":"2025-12-21T12:16:37.199Z"}
{"level":"\u001b[32minfo\u001b[39m","message":"{\"method\":\"PATCH\",\"url\":\"/api/v1/menu-items/6947e40f3cc00afab5623671/toggle\",\"status\":\"200\",\"responseTime\":\"305.830\"}","timestamp":"2025-12-21T12:18:04.815Z"}
{"level":"\u001b[32minfo\u001b[39m","message":"{\"method\":\"PATCH\",\"url\":\"/api/v1/menu-items/6947e40f3cc00afab5623671/toggle\",\"status\":\"200\",\"responseTime\":\"321.103\"}","timestamp":"2025-12-21T12:18:06.860Z"}
{"level":"\u001b[32minfo\u001b[39m","message":"{\"method\":\"PATCH\",\"url\":\"/api/v1/menu-items/6947e40f3cc00afab5623671/toggle\",\"status\":\"200\",\"responseTime\":\"312.051\"}","timestamp":"2025-12-21T12:18:09.462Z"}
{"level":"\u001b[32minfo\u001b[39m","message":"{\"method\":\"PATCH\",\"url\":\"/api/v1/menu-items/6947e40f3cc00afab5623671/toggle\",\"status\":\"200\",\"responseTime\":\"297.239\"}","timestamp":"2025-12-21T12:18:11.790Z"}
{"level":"\u001b[32minfo\u001b[39m","message":"{\"method\":\"POST\",\"url\":\"/api/v1/users/login\",\"status\":\"200\",\"responseTime\":\"428.601\"}","timestamp":"2025-12-21T12:21:04.974Z"}
{"level":"\u001b[32minfo\u001b[39m","message":"{\"method\":\"GET\",\"url\":\"/api/v1/menu-items/menu/69479d2023aeb11d164631d0\",\"status\":\"200\",\"responseTime\":\"259.966\"}","timestamp":"2025-12-21T12:21:23.151Z"}
{"level":"\u001b[32minfo\u001b[39m","message":"{\"method\":\"PATCH\",\"url\":\"/api/v1/menu-items/6947e40f3cc00afab5623671\",\"status\":\"200\",\"responseTime\":\"306.284\"}","timestamp":"2025-12-21T12:21:41.603Z"}
{"level":"\u001b[32minfo\u001b[39m","message":"{\"method\":\"PATCH\",\"url\":\"/api/v1/menu-items/6947e40f3cc00afab5623671/deactive\",\"status\":\"404\",\"responseTime\":\"1.205\"}","timestamp":"2025-12-21T12:22:29.114Z"}
{"level":"\u001b[32minfo\u001b[39m","message":"{\"method\":\"PATCH\",\"url\":\"/api/v1/menu-items/6947e40f3cc00afab5623671/deactive\",\"status\":\"404\",\"responseTime\":\"0.496\"}","timestamp":"2025-12-21T12:22:30.861Z"}
{"level":"\u001b[32minfo\u001b[39m","message":"{\"method\":\"PATCH\",\"url\":\"/api/v1/menu-items/6947e40f3cc00afab5623671/deactivate\",\"status\":\"200\",\"responseTime\":\"313.879\"}","timestamp":"2025-12-21T12:22:50.881Z"}
{"level":"\u001b[32minfo\u001b[39m","message":"{\"method\":\"PATCH\",\"url\":\"/api/v1/menu-items/6947e40f3cc00afab5623671/deactivate\",\"status\":\"200\",\"responseTime\":\"312.659\"}","timestamp":"2025-12-21T12:22:52.625Z"}
{"level":"\u001b[32minfo\u001b[39m","message":"{\"method\":\"PATCH\",\"url\":\"/api/v1/menu-items/6947e40f3cc00afab5623671/activate\",\"status\":\"404\",\"responseTime\":\"140.255\"}","timestamp":"2025-12-21T12:23:01.572Z"}
{"level":"\u001b[32minfo\u001b[39m","message":"{\"method\":\"PATCH\",\"url\":\"/api/v1/menu-items/6947e40f3cc00afab5623671/activate\",\"status\":\"404\",\"responseTime\":\"134.673\"}","timestamp":"2025-12-21T12:23:03.035Z"}
{"level":"\u001b[32minfo\u001b[39m","message":"{\"method\":\"POST\",\"url\":\"/api/v1/users/login\",\"status\":\"200\",\"responseTime\":\"378.367\"}","timestamp":"2025-12-21T12:25:42.755Z"}
{"level":"\u001b[32minfo\u001b[39m","message":"{\"method\":\"GET\",\"url\":\"/api/v1/menu-items/menu/69479d2023aeb11d164631d0\",\"status\":\"200\",\"responseTime\":\"249.459\"}","timestamp":"2025-12-21T12:25:49.920Z"}
{"level":"\u001b[32minfo\u001b[39m","message":"{\"method\":\"PATCH\",\"url\":\"/api/v1/menu-items/6947e40f3cc00afab5623671/activate\",\"status\":\"404\",\"responseTime\":\"131.868\"}","timestamp":"2025-12-21T12:25:56.202Z"}
{"level":"\u001b[32minfo\u001b[39m","message":"{\"method\":\"PATCH\",\"url\":\"/api/v1/menu-items/6947e40f3cc00afab5623671/activate\",\"status\":\"404\",\"responseTime\":\"135.368\"}","timestamp":"2025-12-21T12:25:58.379Z"}
{"level":"\u001b[32minfo\u001b[39m","message":"{\"method\":\"POST\",\"url\":\"/api/v1/users/login\",\"status\":\"200\",\"responseTime\":\"386.567\"}","timestamp":"2025-12-21T12:27:02.556Z"}
{"level":"\u001b[32minfo\u001b[39m","message":"{\"method\":\"GET\",\"url\":\"/api/v1/menu-items/menu/69479d2023aeb11d164631d0\",\"status\":\"200\",\"responseTime\":\"274.196\"}","timestamp":"2025-12-21T12:27:21.909Z"}
{"level":"\u001b[32minfo\u001b[39m","message":"{\"method\":\"PATCH\",\"url\":\"/api/v1/menu-items/6947e40f3cc00afab5623671/activate\",\"status\":\"403\",\"responseTime\":\"230.647\"}","timestamp":"2025-12-21T12:27:45.611Z"}
{"level":"\u001b[32minfo\u001b[39m","message":"{\"method\":\"PATCH\",\"url\":\"/api/v1/menu-items/6947e40f3cc00afab5623671/activate\",\"status\":\"403\",\"responseTime\":\"231.262\"}","timestamp":"2025-12-21T12:27:47.328Z"}
{"level":"\u001b[32minfo\u001b[39m","message":"{\"method\":\"PATCH\",\"url\":\"/api/v1/menu-items/6947e40f3cc00afab5623671/deactivate\",\"status\":\"200\",\"responseTime\":\"274.741\"}","timestamp":"2025-12-21T12:28:01.249Z"}
{"level":"\u001b[32minfo\u001b[39m","message":"{\"method\":\"PATCH\",\"url\":\"/api/v1/menu-items/6947e40f3cc00afab5623671/deactivate\",\"status\":\"200\",\"responseTime\":\"285.965\"}","timestamp":"2025-12-21T12:28:03.149Z"}
{"level":"\u001b[32minfo\u001b[39m","message":"{\"method\":\"PATCH\",\"url\":\"/api/v1/menu-items/6947e40f3cc00afab5623671/activate\",\"status\":\"403\",\"responseTime\":\"205.108\"}","timestamp":"2025-12-21T12:28:07.941Z"}
{"level":"\u001b[32minfo\u001b[39m","message":"{\"method\":\"PATCH\",\"url\":\"/api/v1/menu-items/6947e40f3cc00afab5623671/activate\",\"status\":\"403\",\"responseTime\":\"241.274\"}","timestamp":"2025-12-21T12:28:09.332Z"}
{"level":"\u001b[32minfo\u001b[39m","message":"{\"method\":\"GET\",\"url\":\"/api/v1/restaurants/\",\"status\":\"200\",\"responseTime\":\"129.868\"}","timestamp":"2025-12-21T12:29:22.399Z"}
{"level":"\u001b[32minfo\u001b[39m","message":"{\"method\":\"GET\",\"url\":\"/api/v1/restaurants/69466a900b39c0b9a7c48e2d\",\"status\":\"200\",\"responseTime\":\"159.960\"}","timestamp":"2025-12-21T12:29:40.897Z"}
{"level":"\u001b[32minfo\u001b[39m","message":"{\"method\":\"PATCH\",\"url\":\"/api/v1/restaurants/activate/694665c7e7204f8f84cfa00d\",\"status\":\"200\",\"responseTime\":\"219.461\"}","timestamp":"2025-12-21T12:30:24.952Z"}
{"level":"\u001b[32minfo\u001b[39m","message":"{\"method\":\"GET\",\"url\":\"/api/v1/restaurants/\",\"status\":\"200\",\"responseTime\":\"149.725\"}","timestamp":"2025-12-21T12:30:29.483Z"}
{"level":"\u001b[32minfo\u001b[39m","message":"{\"method\":\"PATCH\",\"url\":\"/api/v1/menu-items/6947e40f3cc00afab5623671/activate\",\"status\":\"403\",\"responseTime\":\"255.262\"}","timestamp":"2025-12-21T12:30:39.091Z"}
{"level":"\u001b[32minfo\u001b[39m","message":"{\"method\":\"PATCH\",\"url\":\"/api/v1/menu-items/6947e40f3cc00afab5623671/activate\",\"status\":\"403\",\"responseTime\":\"276.351\"}","timestamp":"2025-12-21T12:30:40.376Z"}
{"level":"\u001b[32minfo\u001b[39m","message":"{\"method\":\"PATCH\",\"url\":\"/api/v1/menu-items/69479d2023aeb11d164631d0/activate\",\"status\":\"404\",\"responseTime\":\"131.076\"}","timestamp":"2025-12-21T12:31:46.041Z"}
{"level":"\u001b[32minfo\u001b[39m","message":"{\"method\":\"PATCH\",\"url\":\"/api/v1/menu-items/69479d2023aeb11d164631d0/activate\",\"status\":\"404\",\"responseTime\":\"141.494\"}","timestamp":"2025-12-21T12:31:47.583Z"}
{"level":"\u001b[32minfo\u001b[39m","message":"{\"method\":\"PATCH\",\"url\":\"/api/v1/menu-items/69479d2023aeb11d164631d0/activate\",\"status\":\"404\",\"responseTime\":\"135.652\"}","timestamp":"2025-12-21T12:31:48.952Z"}
{"level":"\u001b[32minfo\u001b[39m","message":"{\"method\":\"PATCH\",\"url\":\"/api/v1/menu-items/:menuId/activate\",\"status\":\"500\",\"responseTime\":\"75.319\"}","timestamp":"2025-12-21T12:31:54.932Z"}
{"level":"\u001b[32minfo\u001b[39m","message":"{\"method\":\"POST\",\"url\":\"/api/v1/users/login\",\"status\":\"200\",\"responseTime\":\"391.262\"}","timestamp":"2025-12-21T12:40:13.369Z"}
{"level":"\u001b[32minfo\u001b[39m","message":"{\"method\":\"POST\",\"url\":\"/api/v1/restaurants/restaurant\",\"status\":\"400\",\"responseTime\":\"89.968\"}","timestamp":"2025-12-21T12:40:50.263Z"}
{"level":"\u001b[32minfo\u001b[39m","message":"{\"method\":\"POST\",\"url\":\"/api/v1/users/login\",\"status\":\"200\",\"responseTime\":\"383.217\"}","timestamp":"2025-12-21T12:41:19.047Z"}
{"level":"\u001b[32minfo\u001b[39m","message":"{\"method\":\"POST\",\"url\":\"/api/v1/restaurants/restaurant\",\"status\":\"500\",\"responseTime\":\"137.489\"}","timestamp":"2025-12-21T12:41:26.183Z"}
{"level":"\u001b[32minfo\u001b[39m","message":"{\"method\":\"POST\",\"url\":\"/api/v1/users/login\",\"status\":\"200\",\"responseTime\":\"412.249\"}","timestamp":"2025-12-21T12:42:13.640Z"}
{"level":"\u001b[32minfo\u001b[39m","message":"{\"method\":\"POST\",\"url\":\"/api/v1/restaurants/restaurant\",\"status\":\"500\",\"responseTime\":\"147.548\"}","timestamp":"2025-12-21T12:42:20.561Z"}
{"level":"\u001b[32minfo\u001b[39m","message":"{\"method\":\"POST\",\"url\":\"/api/v1/restaurants/restaurant\",\"status\":\"500\",\"responseTime\":\"127.554\"}","timestamp":"2025-12-21T12:42:21.940Z"}
{"level":"\u001b[32minfo\u001b[39m","message":"{\"method\":\"POST\",\"url\":\"/api/v1/users/login\",\"status\":\"200\",\"responseTime\":\"403.681\"}","timestamp":"2025-12-21T12:43:48.138Z"}
{"level":"\u001b[32minfo\u001b[39m","message":"{\"method\":\"POST\",\"url\":\"/api/v1/restaurants/restaurant\",\"status\":\"201\",\"responseTime\":\"275.666\"}","timestamp":"2025-12-21T12:43:53.298Z"}
{"level":"\u001b[32minfo\u001b[39m","message":"{\"method\":\"GET\",\"url\":\"/api/v1/restaurants/6947eb8962b4c41257cc6fdc/qr\",\"status\":\"404\",\"responseTime\":\"136.172\"}","timestamp":"2025-12-21T12:44:25.779Z"}
{"level":"\u001b[32minfo\u001b[39m","message":"{\"method\":\"POST\",\"url\":\"/api/v1/users/login\",\"status\":\"200\",\"responseTime\":\"404.884\"}","timestamp":"2025-12-21T12:49:31.404Z"}
{"level":"\u001b[32minfo\u001b[39m","message":"{\"method\":\"POST\",\"url\":\"/api/v1/restaurants/restaurant\",\"status\":\"201\",\"responseTime\":\"302.024\"}","timestamp":"2025-12-21T12:49:45.640Z"}
{"level":"\u001b[32minfo\u001b[39m","message":"{\"method\":\"GET\",\"url\":\"/api/v1/restaurants/6947ece9fe42d006d778b453/qr\",\"status\":\"404\",\"responseTime\":\"149.130\"}","timestamp":"2025-12-21T12:50:04.665Z"}
{"level":"\u001b[32minfo\u001b[39m","message":"{\"method\":\"GET\",\"url\":\"/api/v1/restaurants/6947ece9fe42d006d778b453/qr\",\"status\":\"404\",\"responseTime\":\"162.272\"}","timestamp":"2025-12-21T12:50:07.492Z"}
{"level":"\u001b[32minfo\u001b[39m","message":"{\"method\":\"PATCH\",\"url\":\"/api/v1/restaurants/activate/6947ece9fe42d006d778b453\",\"status\":\"200\",\"responseTime\":\"189.731\"}","timestamp":"2025-12-21T12:50:16.784Z"}
{"level":"\u001b[32minfo\u001b[39m","message":"{\"method\":\"GET\",\"url\":\"/api/v1/restaurants/6947ece9fe42d006d778b453/qr\",\"status\":\"200\",\"responseTime\":\"228.640\"}","timestamp":"2025-12-21T12:50:25.216Z"}
{"level":"\u001b[32minfo\u001b[39m","message":"{\"method\":\"POST\",\"url\":\"/api/v1/users/login\",\"status\":\"200\",\"responseTime\":\"384.624\"}","timestamp":"2025-12-21T12:51:44.211Z"}
{"level":"\u001b[32minfo\u001b[39m","message":"{\"method\":\"GET\",\"url\":\"/api/v1/restaurants/6947ece9fe42d006d778b453/qr\",\"status\":\"200\",\"responseTime\":\"228.288\"}","timestamp":"2025-12-21T12:51:50.353Z"}
{"level":"\u001b[32minfo\u001b[39m","message":"{\"method\":\"GET\",\"url\":\"/api/v1/restaurants/69466a900b39c0b9a7c48e2d/qr\",\"status\":\"200\",\"responseTime\":\"213.612\"}","timestamp":"2025-12-21T12:53:07.318Z"}
{"level":"\u001b[32minfo\u001b[39m","message":"{\"method\":\"POST\",\"url\":\"/api/v1/menus/69466a900b39c0b9a7c48e2d\",\"status\":\"201\",\"responseTime\":\"193.248\"}","timestamp":"2025-12-21T12:53:58.018Z"}
{"level":"\u001b[32minfo\u001b[39m","message":"{\"method\":\"GET\",\"url\":\"/api/v1/menus/restaurants/69466a900b39c0b9a7c48e2d\",\"status\":\"200\",\"responseTime\":\"181.469\"}","timestamp":"2025-12-21T12:54:22.200Z"}
{"level":"\u001b[32minfo\u001b[39m","message":"{\"method\":\"POST\",\"url\":\"/api/v1/menu-items/menu/69479d2023aeb11d164631d0\",\"status\":\"201\",\"responseTime\":\"274.969\"}","timestamp":"2025-12-21T12:55:30.456Z"}
{"level":"\u001b[32minfo\u001b[39m","message":"{\"method\":\"GET\",\"url\":\"/api/v1/menu-items/menu/69479d2023aeb11d164631d0\",\"status\":\"200\",\"responseTime\":\"257.227\"}","timestamp":"2025-12-21T12:55:38.249Z"}
{"level":"\u001b[32minfo\u001b[39m","message":"{\"method\":\"PATCH\",\"url\":\"/api/v1/menu-items/6947e40f3cc00afab5623671\",\"status\":\"200\",\"responseTime\":\"332.042\"}","timestamp":"2025-12-21T12:57:38.788Z"}
{"level":"\u001b[32minfo\u001b[39m","message":"{\"method\":\"PATCH\",\"url\":\"/api/v1/menu-items/6947e40f3cc00afab5623671\",\"status\":\"200\",\"responseTime\":\"317.791\"}","timestamp":"2025-12-21T12:58:20.781Z"}
{"level":"\u001b[32minfo\u001b[39m","message":"{\"method\":\"PATCH\",\"url\":\"/api/v1/menu-items/6947e40f3cc00afab5623671\",\"status\":\"200\",\"responseTime\":\"319.287\"}","timestamp":"2025-12-21T12:58:36.211Z"}
{"level":"\u001b[32minfo\u001b[39m","message":"{\"method\":\"PATCH\",\"url\":\"/api/v1/menu-items/6947e40f3cc00afab5623671/toggle\",\"status\":\"200\",\"responseTime\":\"302.938\"}","timestamp":"2025-12-21T12:58:42.296Z"}
{"level":"\u001b[32minfo\u001b[39m","message":"{\"method\":\"GET\",\"url\":\"/api/v1/menu-items/menu/69479d2023aeb11d164631d0\",\"status\":\"200\",\"responseTime\":\"257.031\"}","timestamp":"2025-12-21T12:58:51.025Z"}
